  [1m[36m (0.1ms)[0m  [1mselect sqlite_version(*)[0m
  [1m[35m (1.8ms)[0m  CREATE TABLE "schema_migrations" ("version" varchar(255) NOT NULL) 
  [1m[36m (0.0ms)[0m  [1mPRAGMA index_list("schema_migrations")[0m
  [1m[35m (1.6ms)[0m  CREATE UNIQUE INDEX "unique_schema_migrations" ON "schema_migrations" ("version")
  [1m[36m (0.1ms)[0m  [1mSELECT "schema_migrations"."version" FROM "schema_migrations" [0m
Migrating to DeviseCreateUsers (20111201003154)
  [1m[35m (0.6ms)[0m  CREATE TABLE "users" ("id" INTEGER PRIMARY KEY AUTOINCREMENT NOT NULL, "email" varchar(255) DEFAULT '' NOT NULL, "encrypted_password" varchar(128) DEFAULT '' NOT NULL, "reset_password_token" varchar(255), "reset_password_sent_at" datetime, "remember_created_at" datetime, "sign_in_count" integer DEFAULT 0, "current_sign_in_at" datetime, "last_sign_in_at" datetime, "current_sign_in_ip" varchar(255), "last_sign_in_ip" varchar(255), "created_at" datetime, "updated_at" datetime) 
  [1m[36m (0.1ms)[0m  [1mPRAGMA index_list("users")[0m
  [1m[35m (0.4ms)[0m  CREATE UNIQUE INDEX "index_users_on_email" ON "users" ("email")
  [1m[36m (0.0ms)[0m  [1mPRAGMA index_list("users")[0m
  [1m[35m (0.0ms)[0m  PRAGMA index_info('index_users_on_email')
  [1m[36m (0.1ms)[0m  [1mCREATE UNIQUE INDEX "index_users_on_reset_password_token" ON "users" ("reset_password_token")[0m
  [1m[35m (0.1ms)[0m  INSERT INTO "schema_migrations" ("version") VALUES ('20111201003154')
  [1m[36m (0.4ms)[0m  [1mselect sqlite_version(*)[0m
  [1m[35m (0.2ms)[0m  SELECT "schema_migrations"."version" FROM "schema_migrations" 
  [1m[36m (0.0ms)[0m  [1mPRAGMA index_list("users")[0m
  [1m[35m (0.0ms)[0m  PRAGMA index_info('index_users_on_reset_password_token')
  [1m[36m (0.0ms)[0m  [1mPRAGMA index_info('index_users_on_email')[0m


Started GET "/users/sign_up" for 127.0.0.1 at 2011-11-30 22:34:59 -0200
  Processing by Devise::RegistrationsController#new as HTML
Rendered /Users/flores/.rbenv/versions/1.9.3-p0/lib/ruby/gems/1.9.1/gems/devise-1.5.2/app/views/devise/shared/_links.erb (2.3ms)
Rendered /Users/flores/.rbenv/versions/1.9.3-p0/lib/ruby/gems/1.9.1/gems/devise-1.5.2/app/views/devise/registrations/new.html.erb within layouts/application (61.9ms)
Compiled application.css  (1ms)  (pid 2923)
Compiled application.js  (3ms)  (pid 2923)
Compiled jquery.js  (2ms)  (pid 2923)
Compiled jquery_ujs.js  (0ms)  (pid 2923)
Completed 200 OK in 390ms (Views: 252.2ms | ActiveRecord: 1.2ms)


Started GET "/assets/jquery_ujs.js?body=1" for 127.0.0.1 at 2011-11-30 22:34:59 -0200
Served asset /jquery_ujs.js - 200 OK (14ms)


Started GET "/assets/jquery.js?body=1" for 127.0.0.1 at 2011-11-30 22:34:59 -0200
Served asset /jquery.js - 200 OK (6ms)


Started GET "/assets/application.css?body=1" for 127.0.0.1 at 2011-11-30 22:34:59 -0200
Served asset /application.css - 200 OK (0ms)


Started GET "/assets/application.js?body=1" for 127.0.0.1 at 2011-11-30 22:34:59 -0200
Served asset /application.js - 200 OK (0ms)


Started POST "/users" for 127.0.0.1 at 2011-11-30 22:35:07 -0200
  Processing by Devise::RegistrationsController#create as HTML
  Parameters: {"utf8"=>"✓", "authenticity_token"=>"RVq+kdVtcsBUteoV1X2Us542lg3DlIqvW4vk9607w2I=", "user"=>{"email"=>"a@b.com", "password"=>"[FILTERED]", "password_confirmation"=>"[FILTERED]"}, "commit"=>"Sign up"}
  [1m[36m (0.1ms)[0m  [1mSELECT 1 FROM "users" WHERE "users"."email" = 'a@b.com' LIMIT 1[0m
Binary data inserted for `string` type on column `encrypted_password`
  [1m[35mSQL (30.6ms)[0m  INSERT INTO "users" ("created_at", "current_sign_in_at", "current_sign_in_ip", "email", "encrypted_password", "last_sign_in_at", "last_sign_in_ip", "remember_created_at", "reset_password_sent_at", "reset_password_token", "sign_in_count", "updated_at") VALUES (?, ?, ?, ?, ?, ?, ?, ?, ?, ?, ?, ?)  [["created_at", Thu, 01 Dec 2011 00:35:07 UTC +00:00], ["current_sign_in_at", nil], ["current_sign_in_ip", nil], ["email", "a@b.com"], ["encrypted_password", "$2a$10$HhrZ7vnV1qVMD1JwHotKsOdSWbJHruub0GHQOG5re/JzAI9E9vvHG"], ["last_sign_in_at", nil], ["last_sign_in_ip", nil], ["remember_created_at", nil], ["reset_password_sent_at", nil], ["reset_password_token", nil], ["sign_in_count", 0], ["updated_at", Thu, 01 Dec 2011 00:35:07 UTC +00:00]]
  [1m[36m (0.4ms)[0m  [1mUPDATE "users" SET "last_sign_in_at" = '2011-12-01 00:35:07.919845', "current_sign_in_at" = '2011-12-01 00:35:07.919845', "last_sign_in_ip" = '127.0.0.1', "current_sign_in_ip" = '127.0.0.1', "sign_in_count" = 1, "updated_at" = '2011-12-01 00:35:07.920258' WHERE "users"."id" = 1[0m
Redirected to http://localhost:3000/
Completed 302 Found in 314ms


Started GET "/" for 127.0.0.1 at 2011-11-30 22:35:07 -0200
  Processing by PagesController#home as HTML
  [1m[35mUser Load (0.2ms)[0m  SELECT "users".* FROM "users" WHERE "users"."id" = 1 LIMIT 1
Rendered pages/home.html.erb within layouts/application (0.4ms)
Completed 200 OK in 95ms (Views: 8.2ms | ActiveRecord: 1.1ms)


Started GET "/" for 127.0.0.1 at 2011-11-30 22:35:10 -0200
  Processing by PagesController#home as HTML
  [1m[36mUser Load (0.2ms)[0m  [1mSELECT "users".* FROM "users" WHERE "users"."id" = 1 LIMIT 1[0m
Rendered pages/home.html.erb within layouts/application (0.1ms)
Completed 200 OK in 97ms (Views: 8.0ms | ActiveRecord: 1.1ms)


Started GET "/assets/jquery.js?body=1" for 127.0.0.1 at 2011-11-30 22:35:10 -0200
Served asset /jquery.js - 304 Not Modified (0ms)


Started GET "/assets/application.css?body=1" for 127.0.0.1 at 2011-11-30 22:35:10 -0200
Served asset /application.css - 304 Not Modified (0ms)


Started GET "/assets/jquery_ujs.js?body=1" for 127.0.0.1 at 2011-11-30 22:35:10 -0200
Served asset /jquery_ujs.js - 304 Not Modified (0ms)


Started GET "/assets/application.js?body=1" for 127.0.0.1 at 2011-11-30 22:35:11 -0200
Served asset /application.js - 304 Not Modified (0ms)


Started GET "/" for 127.0.0.1 at 2011-11-30 22:35:37 -0200
  Processing by PagesController#home as HTML
  [1m[35mUser Load (0.2ms)[0m  SELECT "users".* FROM "users" WHERE "users"."id" = 1 LIMIT 1
Rendered pages/home.html.erb within layouts/application (0.0ms)
Completed 200 OK in 64ms (Views: 7.0ms | ActiveRecord: 1.0ms)


Started GET "/assets/application.css?body=1" for 127.0.0.1 at 2011-11-30 22:35:37 -0200
Served asset /application.css - 304 Not Modified (0ms)


Started GET "/assets/jquery.js?body=1" for 127.0.0.1 at 2011-11-30 22:35:37 -0200
Served asset /jquery.js - 304 Not Modified (0ms)


Started GET "/assets/jquery_ujs.js?body=1" for 127.0.0.1 at 2011-11-30 22:35:37 -0200
Served asset /jquery_ujs.js - 304 Not Modified (0ms)


Started GET "/assets/application.js?body=1" for 127.0.0.1 at 2011-11-30 22:35:37 -0200
Served asset /application.js - 304 Not Modified (0ms)


Started GET "/" for 127.0.0.1 at 2011-11-30 22:36:39 -0200
  Processing by PagesController#home as HTML
  [1m[36mUser Load (0.1ms)[0m  [1mSELECT "users".* FROM "users" WHERE "users"."id" = 1 LIMIT 1[0m
Rendered pages/home.html.erb within layouts/application (0.0ms)
Completed 200 OK in 35ms (Views: 6.7ms | ActiveRecord: 0.9ms)


Started GET "/assets/application.css?body=1" for 127.0.0.1 at 2011-11-30 22:36:40 -0200
Served asset /application.css - 304 Not Modified (0ms)


Started GET "/assets/jquery.js?body=1" for 127.0.0.1 at 2011-11-30 22:36:40 -0200
Served asset /jquery.js - 304 Not Modified (0ms)


Started GET "/assets/jquery_ujs.js?body=1" for 127.0.0.1 at 2011-11-30 22:36:40 -0200
Served asset /jquery_ujs.js - 304 Not Modified (0ms)


Started GET "/assets/application.js?body=1" for 127.0.0.1 at 2011-11-30 22:36:40 -0200
Served asset /application.js - 304 Not Modified (0ms)


Started GET "/" for 127.0.0.1 at 2011-11-30 22:39:24 -0200
  Processing by PagesController#home as HTML
  [1m[35mUser Load (0.2ms)[0m  SELECT "users".* FROM "users" WHERE "users"."id" = 1 LIMIT 1
Completed 401 Unauthorized in 84ms


Started GET "/users/sign_in" for 127.0.0.1 at 2011-11-30 22:39:24 -0200
  Processing by Devise::SessionsController#new as HTML
Rendered /Users/flores/.rbenv/versions/1.9.3-p0/lib/ruby/gems/1.9.1/gems/devise-1.5.2/app/views/devise/shared/_links.erb (0.9ms)
Rendered /Users/flores/.rbenv/versions/1.9.3-p0/lib/ruby/gems/1.9.1/gems/devise-1.5.2/app/views/devise/sessions/new.html.erb within layouts/application (6.2ms)
Completed 200 OK in 125ms (Views: 21.6ms | ActiveRecord: 0.8ms)


Started GET "/assets/application.css?body=1" for 127.0.0.1 at 2011-11-30 22:39:25 -0200
Served asset /application.css - 304 Not Modified (0ms)


Started GET "/assets/jquery.js?body=1" for 127.0.0.1 at 2011-11-30 22:39:25 -0200
Served asset /jquery.js - 304 Not Modified (0ms)


Started GET "/assets/application.js?body=1" for 127.0.0.1 at 2011-11-30 22:39:25 -0200
Served asset /application.js - 304 Not Modified (8ms)


Started GET "/assets/jquery_ujs.js?body=1" for 127.0.0.1 at 2011-11-30 22:39:25 -0200
Served asset /jquery_ujs.js - 304 Not Modified (0ms)


Started POST "/users/sign_in" for 127.0.0.1 at 2011-11-30 22:39:29 -0200
  Processing by Devise::SessionsController#create as HTML
  Parameters: {"utf8"=>"✓", "authenticity_token"=>"RVq+kdVtcsBUteoV1X2Us542lg3DlIqvW4vk9607w2I=", "user"=>{"email"=>"a@b.com", "password"=>"[FILTERED]", "remember_me"=>"0"}, "commit"=>"Sign in"}
  [1m[36mUser Load (0.2ms)[0m  [1mSELECT "users".* FROM "users" WHERE "users"."email" = 'a@b.com' LIMIT 1[0m
  [1m[35m (19.0ms)[0m  UPDATE "users" SET "current_sign_in_at" = '2011-12-01 00:39:29.841505', "sign_in_count" = 2, "updated_at" = '2011-12-01 00:39:29.842110' WHERE "users"."id" = 1
Redirected to http://localhost:3000/
Completed 302 Found in 180ms


Started GET "/" for 127.0.0.1 at 2011-11-30 22:39:29 -0200
  Processing by PagesController#home as HTML
  [1m[36mUser Load (0.1ms)[0m  [1mSELECT "users".* FROM "users" WHERE "users"."id" = 1 LIMIT 1[0m
Rendered pages/home.html.erb within layouts/application (0.0ms)
Completed 200 OK in 38ms (Views: 6.6ms | ActiveRecord: 1.1ms)


Started GET "/assets/application.css?body=1" for 127.0.0.1 at 2011-11-30 22:39:30 -0200
Served asset /application.css - 304 Not Modified (0ms)


Started GET "/assets/jquery.js?body=1" for 127.0.0.1 at 2011-11-30 22:39:30 -0200
Served asset /jquery.js - 304 Not Modified (0ms)


Started GET "/assets/jquery_ujs.js?body=1" for 127.0.0.1 at 2011-11-30 22:39:30 -0200
Served asset /jquery_ujs.js - 304 Not Modified (0ms)


Started GET "/assets/application.js?body=1" for 127.0.0.1 at 2011-11-30 22:39:30 -0200
Served asset /application.js - 304 Not Modified (0ms)


Started GET "/" for 127.0.0.1 at 2011-12-01 10:15:52 -0200
  Processing by PagesController#home as HTML
Completed 401 Unauthorized in 10ms


Started GET "/users/sign_in" for 127.0.0.1 at 2011-12-01 10:15:52 -0200
  Processing by Devise::SessionsController#new as HTML
Rendered /Users/flores/.rbenv/versions/1.9.3-p0/lib/ruby/gems/1.9.1/gems/devise-1.5.2/app/views/devise/shared/_links.erb (1.2ms)
Rendered /Users/flores/.rbenv/versions/1.9.3-p0/lib/ruby/gems/1.9.1/gems/devise-1.5.2/app/views/devise/sessions/new.html.erb within layouts/application (5.8ms)
Completed 200 OK in 51ms (Views: 14.8ms | ActiveRecord: 0.9ms)


Started GET "/assets/application.css?body=1" for 127.0.0.1 at 2011-12-01 10:15:53 -0200
Served asset /application.css - 304 Not Modified (0ms)


Started GET "/assets/jquery.js?body=1" for 127.0.0.1 at 2011-12-01 10:15:53 -0200
Served asset /jquery.js - 304 Not Modified (0ms)


Started GET "/assets/jquery_ujs.js?body=1" for 127.0.0.1 at 2011-12-01 10:15:53 -0200
Served asset /jquery_ujs.js - 304 Not Modified (0ms)


Started GET "/assets/application.js?body=1" for 127.0.0.1 at 2011-12-01 10:15:53 -0200
Served asset /application.js - 304 Not Modified (0ms)


Started GET "/users/sign_up" for 127.0.0.1 at 2011-12-12 22:03:59 -0200

LoadError (Expected /Users/flores/Code/devise-timeout/app/controllers/users/registrations_controller.rb to define Users::RegistrationsController):
  

Rendered /Users/flores/.rbenv/versions/1.9.3-p0/lib/ruby/gems/1.9.1/gems/actionpack-3.1.3/lib/action_dispatch/middleware/templates/rescues/_trace.erb (1.6ms)
Rendered /Users/flores/.rbenv/versions/1.9.3-p0/lib/ruby/gems/1.9.1/gems/actionpack-3.1.3/lib/action_dispatch/middleware/templates/rescues/_request_and_response.erb (3.6ms)
Rendered /Users/flores/.rbenv/versions/1.9.3-p0/lib/ruby/gems/1.9.1/gems/actionpack-3.1.3/lib/action_dispatch/middleware/templates/rescues/diagnostics.erb within rescues/layout (12.6ms)


Started GET "/users/sign_up" for 127.0.0.1 at 2011-12-12 22:04:41 -0200
  Processing by Users::RegistrationsController#new as HTML
Completed 500 Internal Server Error in 139ms

ActionView::MissingTemplate (Missing template users/registrations/new with {:handlers=>[:erb, :builder, :coffee], :formats=>[:html], :locale=>[:en, :en]}. Searched in:
  * "/Users/flores/Code/devise-timeout/app/views"
  * "/Users/flores/.rbenv/versions/1.9.3-p0/lib/ruby/gems/1.9.1/gems/devise-1.5.2/app/views"
):
  

Rendered /Users/flores/.rbenv/versions/1.9.3-p0/lib/ruby/gems/1.9.1/gems/actionpack-3.1.3/lib/action_dispatch/middleware/templates/rescues/missing_template.erb within rescues/layout (0.5ms)
